#
# There is insufficient memory for the Java Runtime Environment to continue.
# Native memory allocation (mmap) failed to map 67108864 bytes for G1 virtual space
# Possible reasons:
#   The system is out of physical RAM or swap space
#   The process is running with CompressedOops enabled, and the Java Heap may be blocking the growth of the native heap
# Possible solutions:
#   Reduce memory load on the system
#   Increase physical memory or swap space
#   Check if swap backing store is full
#   Decrease Java heap size (-Xmx/-Xms)
#   Decrease number of Java threads
#   Decrease Java thread stack sizes (-Xss)
#   Set larger code cache with -XX:ReservedCodeCacheSize=
#   JVM is running with Unscaled Compressed Oops mode in which the Java heap is
#     placed in the first 4GB address space. The Java Heap base address is the
#     maximum limit for the native heap growth. Please use -XX:HeapBaseMinAddress
#     to set the Java Heap base and to place the Java Heap above 4GB virtual address.
# This output file may be truncated or incomplete.
#
#  Out of Memory Error (os_windows.cpp:3466), pid=16624, tid=12996
#
# JRE version:  (16.0.1+9) (build )
# Java VM: OpenJDK 64-Bit Server VM (16.0.1+9-24, mixed mode, sharing, tiered, compressed oops, compressed class ptrs, g1 gc, windows-amd64)
# No core dump will be written. Minidumps are not enabled by default on client versions of Windows
#

---------------  S U M M A R Y ------------

Command Line: -Dfile.encoding=Cp1252 -XX:+ShowCodeDetailsInExceptionMessages Main

Host: Intel(R) Core(TM) i5-6300U CPU @ 2.40GHz, 4 cores, 3G,  Windows 10 , 64 bit Build 19041 (10.0.19041.1023)
Time: Tue Aug  3 23:44:32 2021 Mountain Daylight Time elapsed time: 0.049457 seconds (0d 0h 0m 0s)

---------------  T H R E A D  ---------------

Current thread (0x000002466b59a520):  JavaThread "Unknown thread" [_thread_in_vm, id=12996, stack(0x00000076d8500000,0x00000076d8600000)]

Stack: [0x00000076d8500000,0x00000076d8600000]
Native frames: (J=compiled Java code, j=interpreted, Vv=VM code, C=native code)
V  [jvm.dll+0x6687ca]
V  [jvm.dll+0x7ca3c9]
V  [jvm.dll+0x7cbb53]
V  [jvm.dll+0x7cc1b3]
V  [jvm.dll+0x242ea5]
V  [jvm.dll+0x665589]
V  [jvm.dll+0x65a175]
V  [jvm.dll+0x2fc5ab]
V  [jvm.dll+0x3037a6]
V  [jvm.dll+0x352fee]
V  [jvm.dll+0x35321f]
V  [jvm.dll+0x2d3618]
V  [jvm.dll+0x2d4854]
V  [jvm.dll+0x79ccb1]
V  [jvm.dll+0x360de1]
V  [jvm.dll+0x77a990]
V  [jvm.dll+0x3e55af]
V  [jvm.dll+0x3e7081]
C  [jli.dll+0x52fb]
C  [ucrtbase.dll+0x21bb2]
C  [KERNEL32.DLL+0x17034]
C  [ntdll.dll+0x52651]


---------------  P R O C E S S  ---------------

Threads class SMR info:
_java_thread_list=0x00007ffb40afcbb8, length=0, elements={
}

Java Threads: ( => current thread )

Other Threads:
  0x000002466b5c78f0 GCTaskThread "GC Thread#0" [stack: 0x00000076d8600000,0x00000076d8700000] [id=14196]
  0x000002466b5d1e40 ConcurrentGCThread "G1 Main Marker" [stack: 0x00000076d8700000,0x00000076d8800000] [id=19424]
  0x000002466b5d27d0 ConcurrentGCThread "G1 Conc#0" [stack: 0x00000076d8800000,0x00000076d8900000] [id=6344]

[error occurred during error reporting (printing all threads), id 0xc0000005, EXCEPTION_ACCESS_VIOLATION (0xc0000005) at pc=0x00007ffb402d44d7]

VM state: not at safepoint (not fully initialized)

VM Mutex/Monitor currently owned by a thread:  ([mutex/lock_event])
[0x000002466b597570] Heap_lock - owner thread: 0x000002466b59a520

Heap address: 0x00000000c1200000, size: 1006 MB, Compressed Oops mode: 32-bit

CDS archive(s) mapped at: [0x0000000000000000-0x0000000000000000-0x0000000000000000), size 0, SharedBaseAddress: 0x0000000800000000, ArchiveRelocationMode: 0.
Narrow klass base: 0x0000000000000000, Narrow klass shift: 0, Narrow klass range: 0x0

GC Precious Log:
<Empty>

Heap:
 garbage-first heap   total 0K, used 0K [0x00000000c1200000, 0x0000000100000000)
  region size 1024K, 0 young (0K), 0 survivors (0K)

[error occurred during error reporting (printing heap information), id 0xc0000005, EXCEPTION_ACCESS_VIOLATION (0xc0000005) at pc=0x00007ffb406b24ed]

GC Heap History (0 events):
No events

Deoptimization events (0 events):
No events

Classes unloaded (0 events):
No events

Classes redefined (0 events):
No events

Internal exceptions (0 events):
No events

Events (1 events):
Event: 0.030 Loaded shared library C:\Users\Tenzin Dorjee\.p2\pool\plugins\org.eclipse.justj.openjdk.hotspot.jre.full.win32.x86_64_16.0.1.v20210528-1205\jre\bin\java.dll


Dynamic libraries:
0x00007ff60f0b0000 - 0x00007ff60f0be000 	C:\Users\Tenzin Dorjee\.p2\pool\plugins\org.eclipse.justj.openjdk.hotspot.jre.full.win32.x86_64_16.0.1.v20210528-1205\jre\bin\javaw.exe
0x00007ffb7c190000 - 0x00007ffb7c385000 	C:\WINDOWS\SYSTEM32\ntdll.dll
0x00007ffb7b3f0000 - 0x00007ffb7b4ad000 	C:\WINDOWS\System32\KERNEL32.DLL
0x00007ffb79f30000 - 0x00007ffb7a1f9000 	C:\WINDOWS\System32\KERNELBASE.dll
0x00007ffb79bf0000 - 0x00007ffb79cf0000 	C:\WINDOWS\System32\ucrtbase.dll
0x00007ffb72930000 - 0x00007ffb72949000 	C:\Users\Tenzin Dorjee\.p2\pool\plugins\org.eclipse.justj.openjdk.hotspot.jre.full.win32.x86_64_16.0.1.v20210528-1205\jre\bin\VCRUNTIME140.dll
0x00007ffb70730000 - 0x00007ffb70748000 	C:\Users\Tenzin Dorjee\.p2\pool\plugins\org.eclipse.justj.openjdk.hotspot.jre.full.win32.x86_64_16.0.1.v20210528-1205\jre\bin\jli.dll
0x00007ffb7b0d0000 - 0x00007ffb7b270000 	C:\WINDOWS\System32\USER32.dll
0x00007ffb79a40000 - 0x00007ffb79a62000 	C:\WINDOWS\System32\win32u.dll
0x00007ffb7bf10000 - 0x00007ffb7bf3a000 	C:\WINDOWS\System32\GDI32.dll
0x00007ffb798d0000 - 0x00007ffb799db000 	C:\WINDOWS\System32\gdi32full.dll
0x00007ffb79b50000 - 0x00007ffb79bed000 	C:\WINDOWS\System32\msvcp_win.dll
0x00007ffb60a80000 - 0x00007ffb60d1a000 	C:\WINDOWS\WinSxS\amd64_microsoft.windows.common-controls_6595b64144ccf1df_6.0.19041.1110_none_60b5254171f9507e\COMCTL32.dll
0x00007ffb7b350000 - 0x00007ffb7b3ee000 	C:\WINDOWS\System32\msvcrt.dll
0x00007ffb7bce0000 - 0x00007ffb7bd10000 	C:\WINDOWS\System32\IMM32.DLL
0x00007ffb750b0000 - 0x00007ffb750bc000 	C:\Users\Tenzin Dorjee\.p2\pool\plugins\org.eclipse.justj.openjdk.hotspot.jre.full.win32.x86_64_16.0.1.v20210528-1205\jre\bin\vcruntime140_1.dll
0x00007ffb5f830000 - 0x00007ffb5f8c1000 	C:\Users\Tenzin Dorjee\.p2\pool\plugins\org.eclipse.justj.openjdk.hotspot.jre.full.win32.x86_64_16.0.1.v20210528-1205\jre\bin\msvcp140.dll
0x00007ffb3fff0000 - 0x00007ffb40b9b000 	C:\Users\Tenzin Dorjee\.p2\pool\plugins\org.eclipse.justj.openjdk.hotspot.jre.full.win32.x86_64_16.0.1.v20210528-1205\jre\bin\server\jvm.dll
0x00007ffb7bd70000 - 0x00007ffb7be1c000 	C:\WINDOWS\System32\ADVAPI32.dll
0x00007ffb7bc40000 - 0x00007ffb7bcdb000 	C:\WINDOWS\System32\sechost.dll
0x00007ffb7bf40000 - 0x00007ffb7c06a000 	C:\WINDOWS\System32\RPCRT4.dll
0x00007ffb7b0c0000 - 0x00007ffb7b0c8000 	C:\WINDOWS\System32\PSAPI.DLL
0x00007ffb692c0000 - 0x00007ffb692ca000 	C:\WINDOWS\SYSTEM32\VERSION.dll
0x00007ffb65340000 - 0x00007ffb65367000 	C:\WINDOWS\SYSTEM32\WINMM.dll
0x00007ffb71bb0000 - 0x00007ffb71bb9000 	C:\WINDOWS\SYSTEM32\WSOCK32.dll
0x00007ffb7be20000 - 0x00007ffb7be8b000 	C:\WINDOWS\System32\ws2_32.DLL
0x00007ffb777e0000 - 0x00007ffb777f2000 	C:\WINDOWS\SYSTEM32\kernel.appcore.dll
0x00007ffb70660000 - 0x00007ffb7066a000 	C:\Users\Tenzin Dorjee\.p2\pool\plugins\org.eclipse.justj.openjdk.hotspot.jre.full.win32.x86_64_16.0.1.v20210528-1205\jre\bin\jimage.dll
0x00007ffb6d990000 - 0x00007ffb6db74000 	C:\WINDOWS\SYSTEM32\DBGHELP.DLL
0x00007ffb6e690000 - 0x00007ffb6e6bc000 	C:\WINDOWS\SYSTEM32\dbgcore.DLL
0x00007ffb79cf0000 - 0x00007ffb79d73000 	C:\WINDOWS\System32\bcryptPrimitives.dll
0x00007ffb612d0000 - 0x00007ffb612f5000 	C:\Users\Tenzin Dorjee\.p2\pool\plugins\org.eclipse.justj.openjdk.hotspot.jre.full.win32.x86_64_16.0.1.v20210528-1205\jre\bin\java.dll

dbghelp: loaded successfully - version: 4.0.5 - missing functions: none
symbol engine: initialized successfully - sym options: 0x614 - pdb path: .;C:\Users\Tenzin Dorjee\.p2\pool\plugins\org.eclipse.justj.openjdk.hotspot.jre.full.win32.x86_64_16.0.1.v20210528-1205\jre\bin;C:\WINDOWS\SYSTEM32;C:\WINDOWS\WinSxS\amd64_microsoft.windows.common-controls_6595b64144ccf1df_6.0.19041.1110_none_60b5254171f9507e;C:\Users\Tenzin Dorjee\.p2\pool\plugins\org.eclipse.justj.openjdk.hotspot.jre.full.win32.x86_64_16.0.1.v20210528-1205\jre\bin\server

VM Arguments:
jvm_args: -Dfile.encoding=Cp1252 -XX:+ShowCodeDetailsInExceptionMessages 
java_command: Main
java_class_path (initial): C:\Users\Tenzin Dorjee\git\Ecommerce
Launcher Type: SUN_STANDARD

[Global flags]
     intx CICompilerCount                          = 3                                         {product} {ergonomic}
     uint ConcGCThreads                            = 1                                         {product} {ergonomic}
     uint G1ConcRefinementThreads                  = 4                                         {product} {ergonomic}
   size_t G1HeapRegionSize                         = 1048576                                   {product} {ergonomic}
    uintx GCDrainStackTargetSize                   = 64                                        {product} {ergonomic}
   size_t InitialHeapSize                          = 67108864                                  {product} {ergonomic}
   size_t MarkStackSize                            = 4194304                                   {product} {ergonomic}
   size_t MaxHeapSize                              = 1054867456                                {product} {ergonomic}
   size_t MinHeapDeltaBytes                        = 1048576                                   {product} {ergonomic}
   size_t MinHeapSize                              = 8388608                                   {product} {ergonomic}
    uintx NonNMethodCodeHeapSize                   = 5832780                                {pd product} {ergonomic}
    uintx NonProfiledCodeHeapSize                  = 122912730                              {pd product} {ergonomic}
    uintx ProfiledCodeHeapSize                     = 122912730                              {pd product} {ergonomic}
    uintx ReservedCodeCacheSize                    = 251658240                              {pd product} {ergonomic}
     bool SegmentedCodeCache                       = true                                      {product} {ergonomic}
     bool ShowCodeDetailsInExceptionMessages       = true                                   {manageable} {command line}
   size_t SoftMaxHeapSize                          = 1054867456                             {manageable} {ergonomic}
     bool UseCompressedClassPointers               = true                           {product lp64_product} {ergonomic}
     bool UseCompressedOops                        = true                           {product lp64_product} {ergonomic}
     bool UseG1GC                                  = true                                      {product} {ergonomic}
     bool UseLargePagesIndividualAllocation        = false                                  {pd product} {ergonomic}

Logging:
Log output configuration:
 #0: stdout all=warning uptime,level,tags
 #1: stderr all=off uptime,level,tags

Environment Variables:
PATH=C:/Users/Tenzin Dorjee/.p2/pool/plugins/org.eclipse.justj.openjdk.hotspot.jre.full.win32.x86_64_16.0.1.v20210528-1205/jre/bin/server;C:/Users/Tenzin Dorjee/.p2/pool/plugins/org.eclipse.justj.openjdk.hotspot.jre.full.win32.x86_64_16.0.1.v20210528-1205/jre/bin;C:\Program Files (x86)\Razer Chroma SDK\bin;C:\Program Files\Razer Chroma SDK\bin;C:\Program Files (x86)\Razer\ChromaBroadcast\bin;C:\Program Files\Razer\ChromaBroadcast\bin;C:\WINDOWS\system32;C:\WINDOWS;C:\WINDOWS\System32\Wbem;C:\WINDOWS\System32\WindowsPowerShell\v1.0\;C:\Program Files (x86)\Wolfram Research\WolframScript\;C:\WINDOWS\System32\OpenSSH\;C:\Program Files\PuTTY\;C:\Python;C:\Program Files\nodejs\;C:\Program Files\Git\cmd;C:\WINDOWS\system32\config\systemprofile\AppData\Local\Microsoft\WindowsApps;;%SystemRoot%\system32;%SystemRoot%;%SystemRoot%\System32\Wbem;%SYSTEMROOT%\System32\WindowsPowerShell\v1.0\;%SYSTEMROOT%\System32\OpenSSH\;C:\Python\Python38\Scripts\;C:\Python\Python38\;C:\Users\Tenzin Dorjee\AppData\Local\Microsoft\WindowsApps;C:\Users\Tenzin Dorjee\AppData\Local\Programs\Microsoft VS Code\bin;C:\Users\Tenzin Dorjee\AppData\Roaming\npm;C:\Users\Tenzin Dorjee\AppData\Local\GitHubDesktop\bin;C:\WINDOWS\system32;
USERNAME=Tenzin Dorjee
OS=Windows_NT
PROCESSOR_IDENTIFIER=Intel64 Family 6 Model 78 Stepping 3, GenuineIntel



---------------  S Y S T E M  ---------------

OS:
 Windows 10 , 64 bit Build 19041 (10.0.19041.1023)
OS uptime: 0 days 14:36 hours

CPU: total 4 (initial active 4) (2 cores per cpu, 2 threads per core) family 6 model 78 stepping 3 microcode 0xea, cx8, cmov, fxsr, ht, mmx, 3dnowpref, sse, sse2, sse3, ssse3, sse4.1, sse4.2, popcnt, lzcnt, tsc, tscinvbit, avx, avx2, aes, erms, clmul, bmi1, bmi2, rtm, adx, fma, vzeroupper, clflush, clflushopt

Memory: 4k page, system-wide physical 4017M (274M free)
TotalPageFile size 16305M (AvailPageFile size 11M)
current process WorkingSet (physical memory assigned to process): 9M, peak: 9M
current process commit charge ("private bytes"): 51M, peak: 115M

vm_info: OpenJDK 64-Bit Server VM (16.0.1+9-24) for windows-amd64 JRE (16.0.1+9-24), built on Mar 26 2021 19:30:07 by "mach5one" with MS VC++ 16.7 (VS2019)

END.
